<?xml version="1.0" encoding="UTF-8"?>
<!-- Generated by org.testng.reporters.JUnitXMLReporter -->
<testsuite ignored="0" hostname="DESKTOP-BPSCNG9" failures="0" tests="5" name="LoginPageTest" time="24.04" errors="0" timestamp="2023-11-08T16:08:04 IST">
  <testcase classname="LoginPageTest" name="testLoginWithEmptyInputs" time="0.819"/>
  <testcase classname="LoginPageTest" name="testLoginWithEmptyUserId" time="0.794"/>
  <testcase classname="LoginPageTest" name="testLoginWithEmptyPin" time="0.923"/>
  <testcase classname="LoginPageTest" name="testLoginWithInvalidCreds" time="0.96"/>
  <testcase classname="LoginPageTest" name="testLoginWithValidCreds" time="0.996"/>
</testsuite> <!-- LoginPageTest -->
