<?xml version="1.0" encoding="UTF-8"?>
<testng-results ignored="0" total="7" passed="7" failed="0" skipped="0">
  <reporter-output>
  </reporter-output>
  <suite started-at="2023-11-08T16:07:40 IST" name="EBankTestSuite" finished-at="2023-11-08T16:08:04 IST" duration-ms="24040">
    <groups>
    </groups>
    <test started-at="2023-11-08T16:07:40 IST" name="HomePageTest" finished-at="2023-11-08T16:07:53 IST" duration-ms="12405">
      <class name="HomePageTest">
        <test-method is-config="true" signature="setUp()[pri:0, instance:HomePageTest@4bb33f74]" started-at="2023-11-08T16:07:40 IST" name="setUp" finished-at="2023-11-08T16:07:46 IST" duration-ms="5981" status="PASS">
          <reporter-output>
          </reporter-output>
        </test-method> <!-- setUp -->
        <test-method signature="testHomepageHeading()[pri:1, instance:HomePageTest@4bb33f74]" started-at="2023-11-08T16:07:46 IST" name="testHomepageHeading" finished-at="2023-11-08T16:07:46 IST" duration-ms="83" status="PASS">
          <reporter-output>
          </reporter-output>
        </test-method> <!-- testHomepageHeading -->
        <test-method is-config="true" signature="tearDown()[pri:0, instance:HomePageTest@4bb33f74]" started-at="2023-11-08T16:07:46 IST" name="tearDown" finished-at="2023-11-08T16:07:47 IST" duration-ms="905" status="PASS">
          <reporter-output>
          </reporter-output>
        </test-method> <!-- tearDown -->
        <test-method is-config="true" signature="setUp()[pri:0, instance:HomePageTest@4bb33f74]" started-at="2023-11-08T16:07:47 IST" name="setUp" finished-at="2023-11-08T16:07:52 IST" duration-ms="4523" status="PASS">
          <reporter-output>
          </reporter-output>
        </test-method> <!-- setUp -->
        <test-method signature="testLogoutFunctionality()[pri:2, instance:HomePageTest@4bb33f74]" started-at="2023-11-08T16:07:52 IST" name="testLogoutFunctionality" finished-at="2023-11-08T16:07:52 IST" duration-ms="108" status="PASS">
          <reporter-output>
          </reporter-output>
        </test-method> <!-- testLogoutFunctionality -->
        <test-method is-config="true" signature="tearDown()[pri:0, instance:HomePageTest@4bb33f74]" started-at="2023-11-08T16:07:52 IST" name="tearDown" finished-at="2023-11-08T16:07:53 IST" duration-ms="705" status="PASS">
          <reporter-output>
          </reporter-output>
        </test-method> <!-- tearDown -->
      </class> <!-- HomePageTest -->
    </test> <!-- HomePageTest -->
    <test started-at="2023-11-08T16:07:40 IST" name="LoginPageTest" finished-at="2023-11-08T16:08:04 IST" duration-ms="24040">
      <class name="LoginPageTest">
        <test-method is-config="true" signature="setUp()[pri:0, instance:LoginPageTest@2e1d27ba]" started-at="2023-11-08T16:07:40 IST" name="setUp" finished-at="2023-11-08T16:07:45 IST" duration-ms="5002" status="PASS">
          <reporter-output>
          </reporter-output>
        </test-method> <!-- setUp -->
        <test-method signature="testLoginWithEmptyInputs()[pri:1, instance:LoginPageTest@2e1d27ba]" started-at="2023-11-08T16:07:45 IST" name="testLoginWithEmptyInputs" finished-at="2023-11-08T16:07:46 IST" duration-ms="819" status="PASS">
          <reporter-output>
          </reporter-output>
        </test-method> <!-- testLoginWithEmptyInputs -->
        <test-method is-config="true" signature="tearDown()[pri:0, instance:LoginPageTest@2e1d27ba]" started-at="2023-11-08T16:07:46 IST" name="tearDown" finished-at="2023-11-08T16:07:47 IST" duration-ms="1147" status="PASS">
          <reporter-output>
          </reporter-output>
        </test-method> <!-- tearDown -->
        <test-method is-config="true" signature="setUp()[pri:0, instance:LoginPageTest@2e1d27ba]" started-at="2023-11-08T16:07:47 IST" name="setUp" finished-at="2023-11-08T16:07:51 IST" duration-ms="3284" status="PASS">
          <reporter-output>
          </reporter-output>
        </test-method> <!-- setUp -->
        <test-method signature="testLoginWithEmptyUserId()[pri:2, instance:LoginPageTest@2e1d27ba]" started-at="2023-11-08T16:07:51 IST" name="testLoginWithEmptyUserId" finished-at="2023-11-08T16:07:51 IST" duration-ms="794" status="PASS">
          <reporter-output>
          </reporter-output>
        </test-method> <!-- testLoginWithEmptyUserId -->
        <test-method is-config="true" signature="tearDown()[pri:0, instance:LoginPageTest@2e1d27ba]" started-at="2023-11-08T16:07:51 IST" name="tearDown" finished-at="2023-11-08T16:07:52 IST" duration-ms="713" status="PASS">
          <reporter-output>
          </reporter-output>
        </test-method> <!-- tearDown -->
        <test-method is-config="true" signature="setUp()[pri:0, instance:LoginPageTest@2e1d27ba]" started-at="2023-11-08T16:07:52 IST" name="setUp" finished-at="2023-11-08T16:07:55 IST" duration-ms="2536" status="PASS">
          <reporter-output>
          </reporter-output>
        </test-method> <!-- setUp -->
        <test-method signature="testLoginWithEmptyPin()[pri:3, instance:LoginPageTest@2e1d27ba]" started-at="2023-11-08T16:07:55 IST" name="testLoginWithEmptyPin" finished-at="2023-11-08T16:07:56 IST" duration-ms="923" status="PASS">
          <reporter-output>
          </reporter-output>
        </test-method> <!-- testLoginWithEmptyPin -->
        <test-method is-config="true" signature="tearDown()[pri:0, instance:LoginPageTest@2e1d27ba]" started-at="2023-11-08T16:07:56 IST" name="tearDown" finished-at="2023-11-08T16:07:56 IST" duration-ms="667" status="PASS">
          <reporter-output>
          </reporter-output>
        </test-method> <!-- tearDown -->
        <test-method is-config="true" signature="setUp()[pri:0, instance:LoginPageTest@2e1d27ba]" started-at="2023-11-08T16:07:56 IST" name="setUp" finished-at="2023-11-08T16:07:59 IST" duration-ms="2478" status="PASS">
          <reporter-output>
          </reporter-output>
        </test-method> <!-- setUp -->
        <test-method signature="testLoginWithInvalidCreds()[pri:4, instance:LoginPageTest@2e1d27ba]" started-at="2023-11-08T16:07:59 IST" name="testLoginWithInvalidCreds" finished-at="2023-11-08T16:08:00 IST" duration-ms="960" status="PASS">
          <reporter-output>
          </reporter-output>
        </test-method> <!-- testLoginWithInvalidCreds -->
        <test-method is-config="true" signature="tearDown()[pri:0, instance:LoginPageTest@2e1d27ba]" started-at="2023-11-08T16:08:00 IST" name="tearDown" finished-at="2023-11-08T16:08:00 IST" duration-ms="717" status="PASS">
          <reporter-output>
          </reporter-output>
        </test-method> <!-- tearDown -->
        <test-method is-config="true" signature="setUp()[pri:0, instance:LoginPageTest@2e1d27ba]" started-at="2023-11-08T16:08:00 IST" name="setUp" finished-at="2023-11-08T16:08:03 IST" duration-ms="2196" status="PASS">
          <reporter-output>
          </reporter-output>
        </test-method> <!-- setUp -->
        <test-method signature="testLoginWithValidCreds()[pri:5, instance:LoginPageTest@2e1d27ba]" started-at="2023-11-08T16:08:03 IST" name="testLoginWithValidCreds" finished-at="2023-11-08T16:08:04 IST" duration-ms="996" status="PASS">
          <reporter-output>
          </reporter-output>
        </test-method> <!-- testLoginWithValidCreds -->
        <test-method is-config="true" signature="tearDown()[pri:0, instance:LoginPageTest@2e1d27ba]" started-at="2023-11-08T16:08:04 IST" name="tearDown" finished-at="2023-11-08T16:08:04 IST" duration-ms="690" status="PASS">
          <reporter-output>
          </reporter-output>
        </test-method> <!-- tearDown -->
      </class> <!-- LoginPageTest -->
    </test> <!-- LoginPageTest -->
  </suite> <!-- EBankTestSuite -->
</testng-results>
